<?xml version="1.0" encoding="UTF-8"?>
<!-- Generated by org.testng.reporters.JUnitXMLReporter -->
<testsuite ignored="4" hostname="krish" failures="0" tests="5" name="Test" time="102.219" errors="0" timestamp="2023-04-06T09:58:14 IST">
  <testcase classname="com.HRM_copy.CreateAdmin05" name="CreteAdmin" time="13.246"/>
  <testcase classname="com.HRM_copy.Create_Corporate03" name="CreateCorporate03" time="8.761"/>
  <testcase classname="com.HRM_copy.Admin_login01" name="AdminLogin" time="9.634"/>
  <testcase classname="com.HRM_copy.Create_Branch02" name="create_Branch02" time="7.666"/>
  <testcase classname="com.HRM_copy.Create_Employee_with_HrHeadCredentials04" name="createEmployee" time="16.802"/>
  <testcase classname="com.GenericUtilities.BaseClass" name="@BeforeSuite configBC" time="0.0">
    <ignored/>
  </testcase> <!-- @BeforeSuite configBC -->
  <testcase classname="com.GenericUtilities.BaseClass" name="@BeforeSuite configBC" time="0.0">
    <ignored/>
  </testcase> <!-- @BeforeSuite configBC -->
  <testcase classname="com.GenericUtilities.BaseClass" name="@BeforeSuite configBC" time="0.0">
    <ignored/>
  </testcase> <!-- @BeforeSuite configBC -->
  <testcase classname="com.GenericUtilities.BaseClass" name="@BeforeSuite configBC" time="0.0">
    <ignored/>
  </testcase> <!-- @BeforeSuite configBC -->
</testsuite> <!-- Test -->
