<?xml version="1.0" encoding="UTF-8"?>
<testng-results ignored="4" total="9" passed="5" failed="0" skipped="0">
  <reporter-output>
  </reporter-output>
  <suite started-at="2023-04-06T09:56:31 IST" name="Suite" finished-at="2023-04-06T09:58:13 IST" duration-ms="102219">
    <groups>
    </groups>
    <test started-at="2023-04-06T09:56:31 IST" name="Test" finished-at="2023-04-06T09:58:13 IST" duration-ms="102219">
      <class name="com.HRM_copy.Create_Corporate03">
        <test-method is-config="true" signature="configBC1()[pri:0, instance:com.HRM_copy.Create_Corporate03@21e360a]" started-at="2023-04-06T09:56:51 IST" name="configBC1" finished-at="2023-04-06T09:56:59 IST" duration-ms="8857" status="PASS">
          <reporter-output>
          </reporter-output>
        </test-method> <!-- configBC1 -->
        <test-method is-config="true" signature="configMB()[pri:0, instance:com.HRM_copy.Create_Corporate03@21e360a]" started-at="2023-04-06T09:56:59 IST" name="configMB" finished-at="2023-04-06T09:56:59 IST" duration-ms="0" status="PASS">
          <reporter-output>
          </reporter-output>
        </test-method> <!-- configMB -->
        <test-method signature="CreateCorporate03()[pri:0, instance:com.HRM_copy.Create_Corporate03@21e360a]" started-at="2023-04-06T09:56:59 IST" name="CreateCorporate03" finished-at="2023-04-06T09:57:08 IST" duration-ms="8761" status="PASS">
          <reporter-output>
          </reporter-output>
        </test-method> <!-- CreateCorporate03 -->
        <test-method is-config="true" signature="configAc()[pri:0, instance:com.HRM_copy.Create_Corporate03@21e360a]" started-at="2023-04-06T09:57:08 IST" name="configAc" finished-at="2023-04-06T09:57:08 IST" duration-ms="0" status="PASS">
          <reporter-output>
          </reporter-output>
        </test-method> <!-- configAc -->
        <test-method is-config="true" signature="configAM()[pri:0, instance:com.HRM_copy.Create_Corporate03@21e360a]" started-at="2023-04-06T09:57:08 IST" name="configAM" finished-at="2023-04-06T09:57:08 IST" duration-ms="0" status="PASS">
          <reporter-output>
          </reporter-output>
        </test-method> <!-- configAM -->
      </class> <!-- com.HRM_copy.Create_Corporate03 -->
      <class name="com.HRM_copy.Create_Branch02">
        <test-method is-config="true" signature="configBC1()[pri:0, instance:com.HRM_copy.Create_Branch02@58d75e99]" started-at="2023-04-06T09:57:30 IST" name="configBC1" finished-at="2023-04-06T09:57:37 IST" duration-ms="6513" status="PASS">
          <reporter-output>
          </reporter-output>
        </test-method> <!-- configBC1 -->
        <test-method signature="create_Branch02()[pri:0, instance:com.HRM_copy.Create_Branch02@58d75e99]" started-at="2023-04-06T09:57:37 IST" name="create_Branch02" finished-at="2023-04-06T09:57:45 IST" duration-ms="7666" status="PASS">
          <reporter-output>
          </reporter-output>
        </test-method> <!-- create_Branch02 -->
        <test-method is-config="true" signature="configMB()[pri:0, instance:com.HRM_copy.Create_Branch02@58d75e99]" started-at="2023-04-06T09:57:37 IST" name="configMB" finished-at="2023-04-06T09:57:37 IST" duration-ms="0" status="PASS">
          <reporter-output>
          </reporter-output>
        </test-method> <!-- configMB -->
        <test-method is-config="true" signature="configAM()[pri:0, instance:com.HRM_copy.Create_Branch02@58d75e99]" started-at="2023-04-06T09:57:45 IST" name="configAM" finished-at="2023-04-06T09:57:45 IST" duration-ms="0" status="PASS">
          <reporter-output>
          </reporter-output>
        </test-method> <!-- configAM -->
        <test-method is-config="true" signature="configAc()[pri:0, instance:com.HRM_copy.Create_Branch02@58d75e99]" started-at="2023-04-06T09:57:45 IST" name="configAc" finished-at="2023-04-06T09:57:45 IST" duration-ms="1" status="PASS">
          <reporter-output>
          </reporter-output>
        </test-method> <!-- configAc -->
      </class> <!-- com.HRM_copy.Create_Branch02 -->
      <class name="com.HRM_copy.CreateAdmin05">
        <test-method is-config="true" signature="configBC()[pri:0, instance:com.HRM_copy.CreateAdmin05@543588e6]" started-at="2023-04-06T09:56:31 IST" name="configBC" finished-at="2023-04-06T09:56:31 IST" duration-ms="8" status="PASS">
          <reporter-output>
          </reporter-output>
        </test-method> <!-- configBC -->
        <test-method is-config="true" signature="configBC1()[pri:0, instance:com.HRM_copy.CreateAdmin05@543588e6]" started-at="2023-04-06T09:56:31 IST" name="configBC1" finished-at="2023-04-06T09:56:37 IST" duration-ms="6450" status="PASS">
          <reporter-output>
          </reporter-output>
        </test-method> <!-- configBC1 -->
        <test-method is-config="true" signature="configMB()[pri:0, instance:com.HRM_copy.CreateAdmin05@543588e6]" started-at="2023-04-06T09:56:37 IST" name="configMB" finished-at="2023-04-06T09:56:37 IST" duration-ms="1" status="PASS">
          <reporter-output>
          </reporter-output>
        </test-method> <!-- configMB -->
        <test-method signature="CreteAdmin()[pri:0, instance:com.HRM_copy.CreateAdmin05@543588e6]" started-at="2023-04-06T09:56:37 IST" name="CreteAdmin" finished-at="2023-04-06T09:56:51 IST" duration-ms="13246" status="PASS">
          <reporter-output>
          </reporter-output>
        </test-method> <!-- CreteAdmin -->
        <test-method is-config="true" signature="configAM()[pri:0, instance:com.HRM_copy.CreateAdmin05@543588e6]" started-at="2023-04-06T09:56:51 IST" name="configAM" finished-at="2023-04-06T09:56:51 IST" duration-ms="1" status="PASS">
          <reporter-output>
          </reporter-output>
        </test-method> <!-- configAM -->
        <test-method is-config="true" signature="configAc()[pri:0, instance:com.HRM_copy.CreateAdmin05@543588e6]" started-at="2023-04-06T09:56:51 IST" name="configAc" finished-at="2023-04-06T09:56:51 IST" duration-ms="2" status="PASS">
          <reporter-output>
          </reporter-output>
        </test-method> <!-- configAc -->
      </class> <!-- com.HRM_copy.CreateAdmin05 -->
      <class name="com.HRM_copy.Admin_login01">
        <test-method is-config="true" signature="configBC1()[pri:0, instance:com.HRM_copy.Admin_login01@5ba3f27a]" started-at="2023-04-06T09:57:08 IST" name="configBC1" finished-at="2023-04-06T09:57:21 IST" duration-ms="12546" status="PASS">
          <reporter-output>
          </reporter-output>
        </test-method> <!-- configBC1 -->
        <test-method is-config="true" signature="configMB()[pri:0, instance:com.HRM_copy.Admin_login01@5ba3f27a]" started-at="2023-04-06T09:57:21 IST" name="configMB" finished-at="2023-04-06T09:57:21 IST" duration-ms="1" status="PASS">
          <reporter-output>
          </reporter-output>
        </test-method> <!-- configMB -->
        <test-method signature="AdminLogin()[pri:0, instance:com.HRM_copy.Admin_login01@5ba3f27a]" started-at="2023-04-06T09:57:21 IST" name="AdminLogin" finished-at="2023-04-06T09:57:30 IST" duration-ms="9634" status="PASS">
          <reporter-output>
          </reporter-output>
        </test-method> <!-- AdminLogin -->
        <test-method is-config="true" signature="configAc()[pri:0, instance:com.HRM_copy.Admin_login01@5ba3f27a]" started-at="2023-04-06T09:57:30 IST" name="configAc" finished-at="2023-04-06T09:57:30 IST" duration-ms="1" status="PASS">
          <reporter-output>
          </reporter-output>
        </test-method> <!-- configAc -->
        <test-method is-config="true" signature="configAM()[pri:0, instance:com.HRM_copy.Admin_login01@5ba3f27a]" started-at="2023-04-06T09:57:30 IST" name="configAM" finished-at="2023-04-06T09:57:30 IST" duration-ms="0" status="PASS">
          <reporter-output>
          </reporter-output>
        </test-method> <!-- configAM -->
      </class> <!-- com.HRM_copy.Admin_login01 -->
      <class name="com.HRM_copy.Create_Employee_with_HrHeadCredentials04">
        <test-method is-config="true" signature="configBC1()[pri:0, instance:com.HRM_copy.Create_Employee_with_HrHeadCredentials04@74751b3]" started-at="2023-04-06T09:57:45 IST" name="configBC1" finished-at="2023-04-06T09:57:56 IST" duration-ms="11657" status="PASS">
          <reporter-output>
          </reporter-output>
        </test-method> <!-- configBC1 -->
        <test-method is-config="true" signature="configMB()[pri:0, instance:com.HRM_copy.Create_Employee_with_HrHeadCredentials04@74751b3]" started-at="2023-04-06T09:57:56 IST" name="configMB" finished-at="2023-04-06T09:57:56 IST" duration-ms="0" status="PASS">
          <reporter-output>
          </reporter-output>
        </test-method> <!-- configMB -->
        <test-method signature="createEmployee()[pri:0, instance:com.HRM_copy.Create_Employee_with_HrHeadCredentials04@74751b3]" started-at="2023-04-06T09:57:56 IST" name="createEmployee" finished-at="2023-04-06T09:58:13 IST" duration-ms="16802" status="PASS">
          <reporter-output>
          </reporter-output>
        </test-method> <!-- createEmployee -->
        <test-method is-config="true" signature="configAM()[pri:0, instance:com.HRM_copy.Create_Employee_with_HrHeadCredentials04@74751b3]" started-at="2023-04-06T09:58:13 IST" name="configAM" finished-at="2023-04-06T09:58:13 IST" duration-ms="0" status="PASS">
          <reporter-output>
          </reporter-output>
        </test-method> <!-- configAM -->
        <test-method is-config="true" signature="configAc()[pri:0, instance:com.HRM_copy.Create_Employee_with_HrHeadCredentials04@74751b3]" started-at="2023-04-06T09:58:13 IST" name="configAc" finished-at="2023-04-06T09:58:13 IST" duration-ms="0" status="PASS">
          <reporter-output>
          </reporter-output>
        </test-method> <!-- configAc -->
      </class> <!-- com.HRM_copy.Create_Employee_with_HrHeadCredentials04 -->
    </test> <!-- Test -->
  </suite> <!-- Suite -->
</testng-results>
